<?xml version="1.0" encoding="UTF-8"?>
<testsuite xmlns:xsi="http://www.w3.org/2001/XMLSchema-instance" xsi:noNamespaceSchemaLocation="https://maven.apache.org/surefire/maven-surefire-plugin/xsd/surefire-test-report-3.0.xsd" version="3.0" name="Model.SolverTest$NextBestMoveTest" time="0.307" tests="2" errors="0" skipped="0" failures="0">
  <properties>
[...]
</properties>
  <testcase name="testNextBestMoveWrongPos" classname="Model.SolverTest$NextBestMoveTest" time="0.109"/>
  <testcase name="testNextBestMove" classname="Model.SolverTest$NextBestMoveTest" time="0.196"/>
</testsuite>